2023-05-23T09:20:37.359+08:00  INFO 15896 --- [main] com.lzh.blog.BlogApplication             : Starting BlogApplication using Java 20 with PID 15896 (D:\Alex\IDEA\work\Blog\target\classes started by 1 in D:\Alex\IDEA\work\Blog)
2023-05-23T09:20:37.402+08:00 DEBUG 15896 --- [main] com.lzh.blog.BlogApplication             : Running with Spring Boot v3.0.5, Spring v6.0.7
2023-05-23T09:20:37.404+08:00  INFO 15896 --- [main] com.lzh.blog.BlogApplication             : No active profile set, falling back to 1 default profile: "default"
2023-05-23T09:20:41.925+08:00  INFO 15896 --- [main] .s.d.r.c.RepositoryConfigurationDelegate : Bootstrapping Spring Data JPA repositories in DEFAULT mode.
2023-05-23T09:20:42.480+08:00  INFO 15896 --- [main] .s.d.r.c.RepositoryConfigurationDelegate : Finished Spring Data repository scanning in 496 ms. Found 5 JPA repository interfaces.
2023-05-23T09:20:43.099+08:00  WARN 15896 --- [main] o.m.s.mapper.ClassPathMapperScanner      : No MyBatis mapper was found in '[com.lzh.blog]' package. Please check your configuration.
2023-05-23T09:20:45.920+08:00  INFO 15896 --- [main] o.s.b.w.embedded.tomcat.TomcatWebServer  : Tomcat initialized with port(s): 8080 (http)
2023-05-23T09:20:45.982+08:00  INFO 15896 --- [main] o.apache.catalina.core.StandardService   : Starting service [Tomcat]
2023-05-23T09:20:45.983+08:00  INFO 15896 --- [main] o.apache.catalina.core.StandardEngine    : Starting Servlet engine: [Apache Tomcat/10.1.7]
2023-05-23T09:20:46.748+08:00  INFO 15896 --- [main] o.a.c.c.C.[Tomcat].[localhost].[/]       : Initializing Spring embedded WebApplicationContext
2023-05-23T09:20:46.749+08:00  INFO 15896 --- [main] w.s.c.ServletWebServerApplicationContext : Root WebApplicationContext: initialization completed in 8968 ms
2023-05-23T09:20:47.842+08:00  INFO 15896 --- [main] o.hibernate.jpa.internal.util.LogHelper  : HHH000204: Processing PersistenceUnitInfo [name: default]
2023-05-23T09:20:48.118+08:00  INFO 15896 --- [main] org.hibernate.Version                    : HHH000412: Hibernate ORM core version 6.1.7.Final
2023-05-23T09:20:49.806+08:00  INFO 15896 --- [main] com.zaxxer.hikari.HikariDataSource       : HikariPool-1 - Starting...
2023-05-23T09:20:51.682+08:00  INFO 15896 --- [main] com.zaxxer.hikari.pool.HikariPool        : HikariPool-1 - Added connection com.mysql.jdbc.JDBC4Connection@2d22d3b1
2023-05-23T09:20:51.708+08:00  INFO 15896 --- [main] com.zaxxer.hikari.HikariDataSource       : HikariPool-1 - Start completed.
2023-05-23T09:20:51.812+08:00  WARN 15896 --- [main] org.hibernate.dialect.Dialect            : HHH000511: The 5.1.0 version for [org.hibernate.dialect.MySQLDialect] is no longer supported, hence certain features may not work properly. The minimum supported version is 5.7.0. Check the community dialects project for available legacy versions.
2023-05-23T09:20:51.834+08:00  INFO 15896 --- [main] SQL dialect                              : HHH000400: Using dialect: org.hibernate.dialect.MySQLDialect
2023-05-23T09:20:58.294+08:00  INFO 15896 --- [main] o.h.e.t.j.p.i.JtaPlatformInitiator       : HHH000490: Using JtaPlatform implementation: [org.hibernate.engine.transaction.jta.platform.internal.NoJtaPlatform]
2023-05-23T09:20:58.333+08:00  INFO 15896 --- [main] j.LocalContainerEntityManagerFactoryBean : Initialized JPA EntityManagerFactory for persistence unit 'default'
2023-05-23T09:21:01.330+08:00  WARN 15896 --- [main] JpaBaseConfiguration$JpaWebConfiguration : spring.jpa.open-in-view is enabled by default. Therefore, database queries may be performed during view rendering. Explicitly configure spring.jpa.open-in-view to disable this warning
2023-05-23T09:21:01.903+08:00  INFO 15896 --- [main] o.s.b.a.w.s.WelcomePageHandlerMapping    : Adding welcome page template: index
2023-05-23T09:21:03.070+08:00  INFO 15896 --- [main] o.s.b.w.embedded.tomcat.TomcatWebServer  : Tomcat started on port(s): 8080 (http) with context path ''
2023-05-23T09:21:03.118+08:00  INFO 15896 --- [main] com.lzh.blog.BlogApplication             : Started BlogApplication in 27.999 seconds (process running for 41.475)
2023-05-23T10:40:11.557+08:00  INFO 15896 --- [http-nio-8080-exec-2] o.a.c.c.C.[Tomcat].[localhost].[/]       : Initializing Spring DispatcherServlet 'dispatcherServlet'
2023-05-23T10:40:11.560+08:00  INFO 15896 --- [http-nio-8080-exec-2] o.s.web.servlet.DispatcherServlet        : Initializing Servlet 'dispatcherServlet'
2023-05-23T10:40:11.566+08:00  INFO 15896 --- [http-nio-8080-exec-2] o.s.web.servlet.DispatcherServlet        : Completed initialization in 5 ms
2023-05-23T10:40:11.706+08:00  INFO 15896 --- [http-nio-8080-exec-2] com.lzh.blog.aspect.LogAspect            : RequestLog{url='http://localhost:8080/', ip='0:0:0:0:0:0:0:1', classMethod='com.lzh.blog.web.IndexController.index', args=[Page request [number: 0, size 6, sort: updateTime: DESC], {}]}
2023-05-23T10:40:39.640+08:00  INFO 15896 --- [http-nio-8080-exec-7] com.lzh.blog.aspect.LogAspect            : RequestLog{url='http://localhost:8080/blogContent/1052', ip='0:0:0:0:0:0:0:1', classMethod='com.lzh.blog.web.IndexController.blog', args=[1052, {}]}
2023-05-23T10:42:27.918+08:00  INFO 15896 --- [http-nio-8080-exec-2] com.lzh.blog.aspect.LogAspect            : RequestLog{url='http://localhost:8080/', ip='0:0:0:0:0:0:0:1', classMethod='com.lzh.blog.web.IndexController.index', args=[Page request [number: 0, size 6, sort: updateTime: DESC], {}]}
2023-05-23T11:07:23.177+08:00  INFO 15896 --- [SpringApplicationShutdownHook] j.LocalContainerEntityManagerFactoryBean : Closing JPA EntityManagerFactory for persistence unit 'default'
2023-05-23T11:07:23.225+08:00  INFO 15896 --- [SpringApplicationShutdownHook] com.zaxxer.hikari.HikariDataSource       : HikariPool-1 - Shutdown initiated...
2023-05-23T11:07:23.244+08:00  INFO 15896 --- [SpringApplicationShutdownHook] com.zaxxer.hikari.HikariDataSource       : HikariPool-1 - Shutdown completed.
2023-05-23T11:24:43.584+08:00  INFO 10368 --- [main] com.lzh.blog.BlogApplication             : Starting BlogApplication using Java 20 with PID 10368 (D:\Alex\IDEA\work\Blog\target\classes started by 1 in D:\Alex\IDEA\work\Blog)
2023-05-23T11:24:43.587+08:00 DEBUG 10368 --- [main] com.lzh.blog.BlogApplication             : Running with Spring Boot v3.0.5, Spring v6.0.7
2023-05-23T11:24:43.588+08:00  INFO 10368 --- [main] com.lzh.blog.BlogApplication             : No active profile set, falling back to 1 default profile: "default"
2023-05-23T11:24:47.751+08:00  INFO 10368 --- [main] .s.d.r.c.RepositoryConfigurationDelegate : Bootstrapping Spring Data JPA repositories in DEFAULT mode.
2023-05-23T11:24:48.034+08:00  INFO 10368 --- [main] .s.d.r.c.RepositoryConfigurationDelegate : Finished Spring Data repository scanning in 208 ms. Found 5 JPA repository interfaces.
2023-05-23T11:24:48.511+08:00  WARN 10368 --- [main] o.m.s.mapper.ClassPathMapperScanner      : No MyBatis mapper was found in '[com.lzh.blog]' package. Please check your configuration.
2023-05-23T11:24:50.818+08:00  INFO 10368 --- [main] o.s.b.w.embedded.tomcat.TomcatWebServer  : Tomcat initialized with port(s): 8080 (http)
2023-05-23T11:24:50.865+08:00  INFO 10368 --- [main] o.apache.catalina.core.StandardService   : Starting service [Tomcat]
2023-05-23T11:24:50.866+08:00  INFO 10368 --- [main] o.apache.catalina.core.StandardEngine    : Starting Servlet engine: [Apache Tomcat/10.1.7]
2023-05-23T11:24:51.458+08:00  INFO 10368 --- [main] o.a.c.c.C.[Tomcat].[localhost].[/]       : Initializing Spring embedded WebApplicationContext
2023-05-23T11:24:51.458+08:00  INFO 10368 --- [main] w.s.c.ServletWebServerApplicationContext : Root WebApplicationContext: initialization completed in 7642 ms
2023-05-23T11:24:52.105+08:00  INFO 10368 --- [main] o.hibernate.jpa.internal.util.LogHelper  : HHH000204: Processing PersistenceUnitInfo [name: default]
2023-05-23T11:24:52.291+08:00  INFO 10368 --- [main] org.hibernate.Version                    : HHH000412: Hibernate ORM core version 6.1.7.Final
2023-05-23T11:24:53.328+08:00  INFO 10368 --- [main] com.zaxxer.hikari.HikariDataSource       : HikariPool-1 - Starting...
2023-05-23T11:24:53.954+08:00  INFO 10368 --- [main] com.zaxxer.hikari.pool.HikariPool        : HikariPool-1 - Added connection com.mysql.jdbc.JDBC4Connection@4e958f08
2023-05-23T11:24:53.979+08:00  INFO 10368 --- [main] com.zaxxer.hikari.HikariDataSource       : HikariPool-1 - Start completed.
2023-05-23T11:24:54.069+08:00  WARN 10368 --- [main] org.hibernate.dialect.Dialect            : HHH000511: The 5.1.0 version for [org.hibernate.dialect.MySQLDialect] is no longer supported, hence certain features may not work properly. The minimum supported version is 5.7.0. Check the community dialects project for available legacy versions.
2023-05-23T11:24:54.082+08:00  INFO 10368 --- [main] SQL dialect                              : HHH000400: Using dialect: org.hibernate.dialect.MySQLDialect
2023-05-23T11:24:56.735+08:00  INFO 10368 --- [main] o.h.e.t.j.p.i.JtaPlatformInitiator       : HHH000490: Using JtaPlatform implementation: [org.hibernate.engine.transaction.jta.platform.internal.NoJtaPlatform]
2023-05-23T11:24:56.770+08:00  INFO 10368 --- [main] j.LocalContainerEntityManagerFactoryBean : Initialized JPA EntityManagerFactory for persistence unit 'default'
2023-05-23T11:24:59.153+08:00  WARN 10368 --- [main] JpaBaseConfiguration$JpaWebConfiguration : spring.jpa.open-in-view is enabled by default. Therefore, database queries may be performed during view rendering. Explicitly configure spring.jpa.open-in-view to disable this warning
2023-05-23T11:24:59.599+08:00  INFO 10368 --- [main] o.s.b.a.w.s.WelcomePageHandlerMapping    : Adding welcome page template: index
2023-05-23T11:25:00.669+08:00  INFO 10368 --- [main] o.s.b.w.embedded.tomcat.TomcatWebServer  : Tomcat started on port(s): 8080 (http) with context path ''
2023-05-23T11:25:00.709+08:00  INFO 10368 --- [main] com.lzh.blog.BlogApplication             : Started BlogApplication in 19.565 seconds (process running for 32.251)
2023-05-23T11:25:05.414+08:00  INFO 10368 --- [http-nio-8080-exec-1] o.a.c.c.C.[Tomcat].[localhost].[/]       : Initializing Spring DispatcherServlet 'dispatcherServlet'
2023-05-23T11:25:05.415+08:00  INFO 10368 --- [http-nio-8080-exec-1] o.s.web.servlet.DispatcherServlet        : Initializing Servlet 'dispatcherServlet'
2023-05-23T11:25:05.417+08:00  INFO 10368 --- [http-nio-8080-exec-1] o.s.web.servlet.DispatcherServlet        : Completed initialization in 2 ms
2023-05-23T11:25:05.531+08:00  INFO 10368 --- [http-nio-8080-exec-1] com.lzh.blog.aspect.LogAspect            : RequestLog{url='http://localhost:8080/', ip='0:0:0:0:0:0:0:1', classMethod='com.lzh.blog.web.IndexController.index', args=[Page request [number: 0, size 6, sort: updateTime: DESC], {}]}
2023-05-23T11:25:10.913+08:00  INFO 10368 --- [http-nio-8080-exec-6] com.lzh.blog.aspect.LogAspect            : RequestLog{url='http://localhost:8080/blogContent/1352', ip='0:0:0:0:0:0:0:1', classMethod='com.lzh.blog.web.IndexController.blog', args=[1352, {}]}
2023-05-23T11:25:43.056+08:00  INFO 10368 --- [http-nio-8080-exec-10] com.lzh.blog.aspect.LogAspect            : RequestLog{url='http://localhost:8080/', ip='0:0:0:0:0:0:0:1', classMethod='com.lzh.blog.web.IndexController.index', args=[Page request [number: 0, size 6, sort: updateTime: DESC], {}]}
2023-05-23T11:26:13.683+08:00  INFO 10368 --- [http-nio-8080-exec-3] com.lzh.blog.aspect.LogAspect            : RequestLog{url='http://localhost:8080/about', ip='0:0:0:0:0:0:0:1', classMethod='com.lzh.blog.web.IndexController.about', args=[{}]}
